0 info it worked if it ends with ok
1 verbose cli [ 'C:\\Program Files\\nodejs\\node.exe',
1 verbose cli   'C:\\Program Files\\nodejs\\node_modules\\npm\\bin\\npm-cli.js',
1 verbose cli   'run',
1 verbose cli   'start' ]
2 info using npm@3.10.10
3 info using node@v6.11.4
4 verbose run-script [ 'prestart', 'start', 'poststart' ]
5 info lifecycle fh17@1.0.0~prestart: fh17@1.0.0
6 silly lifecycle fh17@1.0.0~prestart: no script for prestart, continuing
7 info lifecycle fh17@1.0.0~start: fh17@1.0.0
8 verbose lifecycle fh17@1.0.0~start: unsafe-perm in lifecycle true
9 verbose lifecycle fh17@1.0.0~start: PATH: C:\Program Files\nodejs\node_modules\npm\bin\node-gyp-bin;E:\new1\fh-platform\node_modules\.bin;C:\Users\Ravi\bin;C:\Program Files\Git\mingw64\bin;C:\Program Files\Git\usr\local\bin;C:\Program Files\Git\usr\bin;C:\Program Files\Git\usr\bin;C:\Program Files\Git\mingw64\bin;C:\Program Files\Git\usr\bin;C:\Users\Ravi\bin;C:\Program Files\Java\jdk1.8.0_111\bin;C:\Program Files\Intel\WiFi\bin;C:\Program Files\Common Files\Intel\WirelessCommon;C:\oraclexe\app\oracle\product\11.2.0\server\bin;C:\Program Files\Git\cmd;C:\Users\Ravi\AppData\Local\Programs\Python\Python37;C:\Program Files\nodejs;C:\Ruby24-x64\bin;C:\Users\Ravi\AppData\Local\Microsoft\WindowsApps;C:\Program Files\Intel\WiFi\bin;C:\Program Files\Common Files\Intel\WirelessCommon;C:\Users\Ravi\AppData\Roaming\npm;C:\Program Files\Git\usr\bin\vendor_perl;C:\Program Files\Git\usr\bin\core_perl
10 verbose lifecycle fh17@1.0.0~start: CWD: E:\new1\fh-platform
11 silly lifecycle fh17@1.0.0~start: Args: [ '/d /s /c',
11 silly lifecycle   'cross-env NODE_ENV=development webpack-dev-server --open' ]
12 silly lifecycle fh17@1.0.0~start: Returned: code: 1  signal: null
13 info lifecycle fh17@1.0.0~start: Failed to exec start script
14 verbose stack Error: fh17@1.0.0 start: `cross-env NODE_ENV=development webpack-dev-server --open`
14 verbose stack Exit status 1
14 verbose stack     at EventEmitter.<anonymous> (C:\Program Files\nodejs\node_modules\npm\lib\utils\lifecycle.js:255:16)
14 verbose stack     at emitTwo (events.js:106:13)
14 verbose stack     at EventEmitter.emit (events.js:191:7)
14 verbose stack     at ChildProcess.<anonymous> (C:\Program Files\nodejs\node_modules\npm\lib\utils\spawn.js:40:14)
14 verbose stack     at emitTwo (events.js:106:13)
14 verbose stack     at ChildProcess.emit (events.js:191:7)
14 verbose stack     at maybeClose (internal/child_process.js:920:16)
14 verbose stack     at Process.ChildProcess._handle.onexit (internal/child_process.js:230:5)
15 verbose pkgid fh17@1.0.0
16 verbose cwd E:\new1\fh-platform
17 error Windows_NT 10.0.14393
18 error argv "C:\\Program Files\\nodejs\\node.exe" "C:\\Program Files\\nodejs\\node_modules\\npm\\bin\\npm-cli.js" "run" "start"
19 error node v6.11.4
20 error npm  v3.10.10
21 error code ELIFECYCLE
22 error fh17@1.0.0 start: `cross-env NODE_ENV=development webpack-dev-server --open`
22 error Exit status 1
23 error Failed at the fh17@1.0.0 start script 'cross-env NODE_ENV=development webpack-dev-server --open'.
23 error Make sure you have the latest version of node.js and npm installed.
23 error If you do, this is most likely a problem with the fh17 package,
23 error not with npm itself.
23 error Tell the author that this fails on your system:
23 error     cross-env NODE_ENV=development webpack-dev-server --open
23 error You can get information on how to open an issue for this project with:
23 error     npm bugs fh17
23 error Or if that isn't available, you can get their info via:
23 error     npm owner ls fh17
23 error There is likely additional logging output above.
24 verbose exit [ 1, true ]
